[handleMsg]:  {
  key: {
    remoteJid: '573216246367@s.whatsapp.net',
    fromMe: false,
    id: 'DCE5D0FEA69122237758B6E074766EEF',
    participant: undefined
  },
  messageTimestamp: 1743798509,
  pushName: 'Sebastián Muñoz Cardozo',
  broadcast: false,
  message: Message {
    conversation: 'Hola',
    messageContextInfo: MessageContextInfo {
      deviceListMetadata: [DeviceListMetadata],
      deviceListMetadataVersion: 2,
      messageSecret: [Uint8Array]
    }
  },
  body: 'Hola',
  from: '573216246367'
}
[QUEUE_SE_ENVIO]:  {
  ref: 'ans_a13360c5-1335-423f-89b2-5e37ee6bc26a',
  keyword: 'key_470cf625-ef49-4425-a729-2839917bd1fe',
  answer: 'Hesego ingenieria esta configurando el *ChatBot*, si quieres ver como esta quedando escribe *Menu* y explora lo que hay en el momento',
  options: {
    media: 'https://i.pinimg.com/236x/f9/5c/03/f95c03ba4333a7a25629396014c37271.jpg',
    buttons: [],
    capture: false,
    child: null,
    delay: 100,
    idle: null,
    ref: null,
    nested: [],
    keyword: {},
    callback: true
  },
  refSerialize: 'c8cb505cdf3e3ec946edac37500a6611'
}
[handleMsg]:  {
  key: {
    remoteJid: '573216246367@s.whatsapp.net',
    fromMe: false,
    id: '94E4F3EAF439819EF0BC74C81BFF0004',
    participant: undefined
  },
  messageTimestamp: 1743798522,
  pushName: 'Sebastián Muñoz Cardozo',
  broadcast: false,
  message: Message {
    conversation: 'Menu',
    messageContextInfo: MessageContextInfo {
      deviceListMetadata: [DeviceListMetadata],
      deviceListMetadataVersion: 2,
      messageSecret: [Uint8Array]
    }
  },
  body: 'Menu',
  from: '573216246367'
}
[QUEUE_SE_ENVIO]:  {
  ref: 'ans_df3080a8-eaf3-45d6-8558-99970f635f7c',
  keyword: 'key_388795c6-395c-4772-93b3-f9ce2065096b',
  answer: 'Elegi alguna de estas opciones \r\n' +
    '\r\n' +
    '1 - Menu\r\n' +
    '2 - Reservar visita\r\n' +
    '3 - Hacer consultas\r\n' +
    '\r\n' +
    '0 - Salir',
  options: {
    media: null,
    buttons: [],
    capture: true,
    child: null,
    delay: 0,
    idle: null,
    ref: null,
    nested: [],
    keyword: {},
    callback: true
  },
  refSerialize: 'fb04dd5e237e16eb3306cb73efa65fcc'
}
[handleMsg]:  {
  key: {
    remoteJid: '573216246367@s.whatsapp.net',
    fromMe: false,
    id: 'BB20B3BB8D52DE44878092B6E24C9E2C',
    participant: undefined
  },
  messageTimestamp: 1743798537,
  pushName: 'Sebastián Muñoz Cardozo',
  broadcast: false,
  message: Message {
    conversation: '3',
    messageContextInfo: MessageContextInfo {
      deviceListMetadata: [DeviceListMetadata],
      deviceListMetadataVersion: 2,
      messageSecret: [Uint8Array]
    }
  },
  body: '3',
  from: '573216246367'
}
[handleMsg]:  {
  key: {
    remoteJid: '573216246367@s.whatsapp.net',
    fromMe: false,
    id: '47050C045BE423F6F9E7942D18499BF4',
    participant: undefined
  },
  messageTimestamp: 1743798546,
  pushName: 'Sebastián Muñoz Cardozo',
  broadcast: false,
  message: Message {
    conversation: 'Cuánto es 100+100',
    messageContextInfo: MessageContextInfo {
      deviceListMetadata: [DeviceListMetadata],
      deviceListMetadataVersion: 2,
      messageSecret: [Uint8Array]
    }
  },
  body: 'Cuánto es 100+100',
  from: '573216246367'
}
[handleMsg]:  {
  key: {
    remoteJid: '573216246367@s.whatsapp.net',
    fromMe: false,
    id: '6DEE727F29D673C34BE366BA8B4CAEF3',
    participant: undefined
  },
  messageTimestamp: 1743798566,
  pushName: 'Sebastián Muñoz Cardozo',
  broadcast: false,
  message: Message {
    conversation: '2',
    messageContextInfo: MessageContextInfo {
      deviceListMetadata: [DeviceListMetadata],
      deviceListMetadataVersion: 2,
      messageSecret: [Uint8Array]
    }
  },
  body: '2',
  from: '573216246367'
}
[QUEUE_SE_ENVIO]:  {
  ref: 'ans_a13360c5-1335-423f-89b2-5e37ee6bc26a',
  keyword: 'key_470cf625-ef49-4425-a729-2839917bd1fe',
  answer: 'Hesego ingenieria esta configurando el *ChatBot*, si quieres ver como esta quedando escribe *Menu* y explora lo que hay en el momento',
  options: {
    media: 'https://i.pinimg.com/236x/f9/5c/03/f95c03ba4333a7a25629396014c37271.jpg',
    buttons: [],
    capture: false,
    child: null,
    delay: 100,
    idle: null,
    ref: null,
    nested: [],
    keyword: {},
    callback: true
  },
  refSerialize: 'c8cb505cdf3e3ec946edac37500a6611'
}
[handleMsg]:  {
  key: {
    remoteJid: '573216246367@s.whatsapp.net',
    fromMe: false,
    id: '67554841F50B76992D5870365993FE0D',
    participant: undefined
  },
  messageTimestamp: 1743798575,
  pushName: 'Sebastián Muñoz Cardozo',
  broadcast: false,
  message: Message {
    conversation: 'Menu',
    messageContextInfo: MessageContextInfo {
      deviceListMetadata: [DeviceListMetadata],
      deviceListMetadataVersion: 2,
      messageSecret: [Uint8Array]
    }
  },
  body: 'Menu',
  from: '573216246367'
}
[QUEUE_SE_ENVIO]:  {
  ref: 'ans_df3080a8-eaf3-45d6-8558-99970f635f7c',
  keyword: 'key_388795c6-395c-4772-93b3-f9ce2065096b',
  answer: 'Elegi alguna de estas opciones \r\n' +
    '\r\n' +
    '1 - Menu\r\n' +
    '2 - Reservar visita\r\n' +
    '3 - Hacer consultas\r\n' +
    '\r\n' +
    '0 - Salir',
  options: {
    media: null,
    buttons: [],
    capture: true,
    child: null,
    delay: 0,
    idle: null,
    ref: null,
    nested: [],
    keyword: {},
    callback: true
  },
  refSerialize: 'fb04dd5e237e16eb3306cb73efa65fcc'
}
[handleMsg]:  {
  key: {
    remoteJid: '573216246367@s.whatsapp.net',
    fromMe: false,
    id: '6D9E230CC671E4A5CEB047F2D38C7FCF',
    participant: undefined
  },
  messageTimestamp: 1743798579,
  pushName: 'Sebastián Muñoz Cardozo',
  broadcast: false,
  message: Message {
    conversation: '2',
    messageContextInfo: MessageContextInfo {
      deviceListMetadata: [DeviceListMetadata],
      deviceListMetadataVersion: 2,
      messageSecret: [Uint8Array]
    }
  },
  body: '2',
  from: '573216246367'
}
[handleMsg]:  {
  key: {
    remoteJid: '5215554063156@s.whatsapp.net',
    fromMe: false,
    id: '3A493FB930AE6D894FA1',
    participant: undefined
  },
  messageTimestamp: 1743798587,
  pushName: 'Danny',
  broadcast: false,
  message: Message {
    conversation: 'Me quedaré con ese',
    messageContextInfo: MessageContextInfo {
      deviceListMetadata: [DeviceListMetadata],
      deviceListMetadataVersion: 2,
      messageSecret: [Uint8Array]
    }
  },
  body: 'Me quedaré con ese',
  from: '5215554063156'
}
[QUEUE_SE_ENVIO]:  {
  ref: 'ans_a13360c5-1335-423f-89b2-5e37ee6bc26a',
  keyword: 'key_470cf625-ef49-4425-a729-2839917bd1fe',
  answer: 'Hesego ingenieria esta configurando el *ChatBot*, si quieres ver como esta quedando escribe *Menu* y explora lo que hay en el momento',
  options: {
    media: 'https://i.pinimg.com/236x/f9/5c/03/f95c03ba4333a7a25629396014c37271.jpg',
    buttons: [],
    capture: false,
    child: null,
    delay: 100,
    idle: null,
    ref: null,
    nested: [],
    keyword: {},
    callback: true
  },
  refSerialize: 'c8cb505cdf3e3ec946edac37500a6611'
}
[handleMsg]:  {
  key: {
    remoteJid: '5215554063156@s.whatsapp.net',
    fromMe: false,
    id: '3A64B9B334E9F661EC8E',
    participant: undefined
  },
  messageTimestamp: 1743798626,
  pushName: 'Danny',
  broadcast: false,
  message: Message {
    conversation: 'Eso lo estás haciendo tú ?',
    messageContextInfo: MessageContextInfo {
      deviceListMetadata: [DeviceListMetadata],
      deviceListMetadataVersion: 2,
      messageSecret: [Uint8Array]
    }
  },
  body: 'Eso lo estás haciendo tú ?',
  from: '5215554063156'
}
[QUEUE_SE_ENVIO]:  {
  ref: 'ans_a13360c5-1335-423f-89b2-5e37ee6bc26a',
  keyword: 'key_470cf625-ef49-4425-a729-2839917bd1fe',
  answer: 'Hesego ingenieria esta configurando el *ChatBot*, si quieres ver como esta quedando escribe *Menu* y explora lo que hay en el momento',
  options: {
    media: 'https://i.pinimg.com/236x/f9/5c/03/f95c03ba4333a7a25629396014c37271.jpg',
    buttons: [],
    capture: false,
    child: null,
    delay: 100,
    idle: null,
    ref: null,
    nested: [],
    keyword: {},
    callback: true
  },
  refSerialize: 'c8cb505cdf3e3ec946edac37500a6611'
}
